<?xml version="1.0" encoding="UTF-8"?>
<testsuite name="com.api.desafiobackend.DesafiobackendApplicationTests" tests="1" skipped="0" failures="0" errors="0" timestamp="2023-01-30T10:17:22" hostname="yasmin-Lenovo-Legion-5-15IMH05H" time="0.086">
  <properties/>
  <testcase name="contextLoads()" classname="com.api.desafiobackend.DesafiobackendApplicationTests" time="0.086"/>
  <system-out><![CDATA[07:17:17.179 [Test worker] DEBUG org.springframework.test.context.BootstrapUtils - Instantiating CacheAwareContextLoaderDelegate from class [org.springframework.test.context.cache.DefaultCacheAwareContextLoaderDelegate]
07:17:17.189 [Test worker] DEBUG org.springframework.test.context.BootstrapUtils - Instantiating BootstrapContext using constructor [public org.springframework.test.context.support.DefaultBootstrapContext(java.lang.Class,org.springframework.test.context.CacheAwareContextLoaderDelegate)]
07:17:17.220 [Test worker] DEBUG org.springframework.test.context.BootstrapUtils - Instantiating TestContextBootstrapper for test class [com.api.desafiobackend.DesafiobackendApplicationTests] from class [org.springframework.boot.test.context.SpringBootTestContextBootstrapper]
07:17:17.229 [Test worker] INFO org.springframework.boot.test.context.SpringBootTestContextBootstrapper - Neither @ContextConfiguration nor @ContextHierarchy found for test class [com.api.desafiobackend.DesafiobackendApplicationTests], using SpringBootContextLoader
07:17:17.232 [Test worker] DEBUG org.springframework.test.context.support.AbstractContextLoader - Did not detect default resource location for test class [com.api.desafiobackend.DesafiobackendApplicationTests]: class path resource [com/api/desafiobackend/DesafiobackendApplicationTests-context.xml] does not exist
07:17:17.233 [Test worker] DEBUG org.springframework.test.context.support.AbstractContextLoader - Did not detect default resource location for test class [com.api.desafiobackend.DesafiobackendApplicationTests]: class path resource [com/api/desafiobackend/DesafiobackendApplicationTestsContext.groovy] does not exist
07:17:17.233 [Test worker] INFO org.springframework.test.context.support.AbstractContextLoader - Could not detect default resource locations for test class [com.api.desafiobackend.DesafiobackendApplicationTests]: no resource found for suffixes {-context.xml, Context.groovy}.
07:17:17.234 [Test worker] INFO org.springframework.test.context.support.AnnotationConfigContextLoaderUtils - Could not detect default configuration classes for test class [com.api.desafiobackend.DesafiobackendApplicationTests]: DesafiobackendApplicationTests does not declare any static, non-private, non-final, nested classes annotated with @Configuration.
07:17:17.270 [Test worker] DEBUG org.springframework.test.context.support.ActiveProfilesUtils - Could not find an 'annotation declaring class' for annotation type [org.springframework.test.context.ActiveProfiles] and class [com.api.desafiobackend.DesafiobackendApplicationTests]
07:17:17.319 [Test worker] DEBUG org.springframework.context.annotation.ClassPathScanningCandidateComponentProvider - Identified candidate component class: file [/home/yasmin/processo-seletivo-logap-2022/desafiobackend/build/classes/java/main/com/api/desafiobackend/DesafiobackendApplication.class]
07:17:17.320 [Test worker] INFO org.springframework.boot.test.context.SpringBootTestContextBootstrapper - Found @SpringBootConfiguration com.api.desafiobackend.DesafiobackendApplication for test class com.api.desafiobackend.DesafiobackendApplicationTests
07:17:17.397 [Test worker] DEBUG org.springframework.boot.test.context.SpringBootTestContextBootstrapper - @TestExecutionListeners is not present for class [com.api.desafiobackend.DesafiobackendApplicationTests]: using defaults.
07:17:17.397 [Test worker] INFO org.springframework.boot.test.context.SpringBootTestContextBootstrapper - Loaded default TestExecutionListener class names from location [META-INF/spring.factories]: [org.springframework.boot.test.autoconfigure.restdocs.RestDocsTestExecutionListener, org.springframework.boot.test.autoconfigure.web.client.MockRestServiceServerResetTestExecutionListener, org.springframework.boot.test.autoconfigure.web.servlet.MockMvcPrintOnlyOnFailureTestExecutionListener, org.springframework.boot.test.autoconfigure.web.servlet.WebDriverTestExecutionListener, org.springframework.boot.test.autoconfigure.webservices.client.MockWebServiceServerTestExecutionListener, org.springframework.boot.test.mock.mockito.MockitoTestExecutionListener, org.springframework.boot.test.mock.mockito.ResetMocksTestExecutionListener, org.springframework.test.context.web.ServletTestExecutionListener, org.springframework.test.context.support.DirtiesContextBeforeModesTestExecutionListener, org.springframework.test.context.event.ApplicationEventsTestExecutionListener, org.springframework.test.context.support.DependencyInjectionTestExecutionListener, org.springframework.test.context.support.DirtiesContextTestExecutionListener, org.springframework.test.context.transaction.TransactionalTestExecutionListener, org.springframework.test.context.jdbc.SqlScriptsTestExecutionListener, org.springframework.test.context.event.EventPublishingTestExecutionListener]
07:17:17.411 [Test worker] INFO org.springframework.boot.test.context.SpringBootTestContextBootstrapper - Using TestExecutionListeners: [org.springframework.test.context.web.ServletTestExecutionListener@53f48368, org.springframework.test.context.support.DirtiesContextBeforeModesTestExecutionListener@24d4d7c9, org.springframework.test.context.event.ApplicationEventsTestExecutionListener@f0e995e, org.springframework.boot.test.mock.mockito.MockitoTestExecutionListener@4c37b5b, org.springframework.boot.test.autoconfigure.SpringBootDependencyInjectionTestExecutionListener@73db4768, org.springframework.test.context.support.DirtiesContextTestExecutionListener@71b3bc45, org.springframework.test.context.transaction.TransactionalTestExecutionListener@a8c1f44, org.springframework.test.context.jdbc.SqlScriptsTestExecutionListener@150ab4ed, org.springframework.test.context.event.EventPublishingTestExecutionListener@3c435123, org.springframework.boot.test.autoconfigure.restdocs.RestDocsTestExecutionListener@50fe837a, org.springframework.boot.test.autoconfigure.web.client.MockRestServiceServerResetTestExecutionListener@3a62c01e, org.springframework.boot.test.autoconfigure.web.servlet.MockMvcPrintOnlyOnFailureTestExecutionListener@7a8fa663, org.springframework.boot.test.autoconfigure.web.servlet.WebDriverTestExecutionListener@5ce33a58, org.springframework.boot.test.autoconfigure.webservices.client.MockWebServiceServerTestExecutionListener@78a287ed, org.springframework.boot.test.mock.mockito.ResetMocksTestExecutionListener@546ccad7]
07:17:17.414 [Test worker] DEBUG org.springframework.test.context.support.AbstractDirtiesContextTestExecutionListener - Before test class: context [DefaultTestContext@553f1d75 testClass = DesafiobackendApplicationTests, testInstance = [null], testMethod = [null], testException = [null], mergedContextConfiguration = [WebMergedContextConfiguration@6e1d8f9e testClass = DesafiobackendApplicationTests, locations = '{}', classes = '{class com.api.desafiobackend.DesafiobackendApplication}', contextInitializerClasses = '[]', activeProfiles = '{}', propertySourceLocations = '{}', propertySourceProperties = '{org.springframework.boot.test.context.SpringBootTestContextBootstrapper=true}', contextCustomizers = set[org.springframework.boot.test.autoconfigure.actuate.metrics.MetricsExportContextCustomizerFactory$DisableMetricExportContextCustomizer@31ff43be, org.springframework.boot.test.autoconfigure.properties.PropertyMappingContextCustomizer@0, org.springframework.boot.test.autoconfigure.web.servlet.WebDriverContextCustomizerFactory$Customizer@6af9fcb2, org.springframework.boot.test.context.filter.ExcludeFilterContextCustomizer@1046d517, org.springframework.boot.test.json.DuplicateJsonObjectContextCustomizerFactory$DuplicateJsonObjectContextCustomizer@21337f7b, org.springframework.boot.test.mock.mockito.MockitoContextCustomizer@0, org.springframework.boot.test.web.client.TestRestTemplateContextCustomizer@7b420819, org.springframework.boot.test.context.SpringBootTestArgs@1, org.springframework.boot.test.context.SpringBootTestWebEnvironment@2118cddf], resourceBasePath = 'src/main/webapp', contextLoader = 'org.springframework.boot.test.context.SpringBootContextLoader', parent = [null]], attributes = map['org.springframework.test.context.web.ServletTestExecutionListener.activateListener' -> true]], class annotated with @DirtiesContext [false] with mode [null].

  .   ____          _            __ _ _
 /\\ / ___'_ __ _ _(_)_ __  __ _ \ \ \ \
( ( )\___ | '_ | '_| | '_ \/ _` | \ \ \ \
 \\/  ___)| |_)| | | | | || (_| |  ) ) ) )
  '  |____| .__|_| |_|_| |_\__, | / / / /
 =========|_|==============|___/=/_/_/_/
 :: Spring Boot ::                (v2.7.8)

2023-01-30 07:17:17.695  INFO 151187 --- [    Test worker] c.a.d.DesafiobackendApplicationTests     : Starting DesafiobackendApplicationTests using Java 11.0.17 on yasmin-Lenovo-Legion-5-15IMH05H with PID 151187 (started by yasmin in /home/yasmin/processo-seletivo-logap-2022/desafiobackend)
2023-01-30 07:17:17.696  INFO 151187 --- [    Test worker] c.a.d.DesafiobackendApplicationTests     : No active profile set, falling back to 1 default profile: "default"
2023-01-30 07:17:18.136  INFO 151187 --- [    Test worker] .s.d.r.c.RepositoryConfigurationDelegate : Bootstrapping Spring Data JPA repositories in DEFAULT mode.
2023-01-30 07:17:18.166  INFO 151187 --- [    Test worker] .s.d.r.c.RepositoryConfigurationDelegate : Finished Spring Data repository scanning in 25 ms. Found 3 JPA repository interfaces.
2023-01-30 07:17:18.511  INFO 151187 --- [    Test worker] o.hibernate.jpa.internal.util.LogHelper  : HHH000204: Processing PersistenceUnitInfo [name: default]
2023-01-30 07:17:18.538  INFO 151187 --- [    Test worker] org.hibernate.Version                    : HHH000412: Hibernate ORM core version 5.6.14.Final
2023-01-30 07:17:18.636  INFO 151187 --- [    Test worker] o.hibernate.annotations.common.Version   : HCANN000001: Hibernate Commons Annotations {5.1.2.Final}
2023-01-30 07:17:18.710  INFO 151187 --- [    Test worker] com.zaxxer.hikari.HikariDataSource       : HikariPool-1 - Starting...
2023-01-30 07:17:18.714  WARN 151187 --- [    Test worker] com.zaxxer.hikari.util.DriverDataSource  : Registered driver with driverClassName=com.mysql.jdbc.Driver was not found, trying direct instantiation.
2023-01-30 07:17:20.217  INFO 151187 --- [    Test worker] com.zaxxer.hikari.HikariDataSource       : HikariPool-1 - Start completed.
2023-01-30 07:17:20.248  INFO 151187 --- [    Test worker] org.hibernate.dialect.Dialect            : HHH000400: Using dialect: org.hibernate.dialect.MySQL8Dialect
2023-01-30 07:17:21.590  INFO 151187 --- [    Test worker] o.h.e.t.j.p.i.JtaPlatformInitiator       : HHH000490: Using JtaPlatform implementation: [org.hibernate.engine.transaction.jta.platform.internal.NoJtaPlatform]
2023-01-30 07:17:21.598  INFO 151187 --- [    Test worker] j.LocalContainerEntityManagerFactoryBean : Initialized JPA EntityManagerFactory for persistence unit 'default'
2023-01-30 07:17:22.032  WARN 151187 --- [    Test worker] JpaBaseConfiguration$JpaWebConfiguration : spring.jpa.open-in-view is enabled by default. Therefore, database queries may be performed during view rendering. Explicitly configure spring.jpa.open-in-view to disable this warning
2023-01-30 07:17:22.823  INFO 151187 --- [    Test worker] c.a.d.DesafiobackendApplicationTests     : Started DesafiobackendApplicationTests in 5.378 seconds (JVM running for 6.242)
]]></system-out>
  <system-err><![CDATA[Loading class `com.mysql.jdbc.Driver'. This is deprecated. The new driver class is `com.mysql.cj.jdbc.Driver'. The driver is automatically registered via the SPI and manual loading of the driver class is generally unnecessary.
]]></system-err>
</testsuite>
